==================================================================
= Multi Theft Auto: San Andreas v1.5.6 [64 bit]
==================================================================
= Server name      : Default MTA Server
= Server IP address: auto
= Server port      : 22003
= 
= Log file         : ..o_linux_x64/mods/deathmatch/logs/server.log
= Maximum players  : 32
= HTTP port        : 22005
= Voice Chat       : Disabled
= Bandwidth saving : Medium
==================================================================
[19-05-20 14:03:25] File 'settings.xml' not present, creating new node.
[19-05-20 14:03:25] Resource 'mapmanager' requests some acl rights. Use the command 'aclrequest list mapmanager'
[19-05-20 14:03:25] Resources: 196 loaded, 0 failed
[19-05-20 14:03:25] Starting resources...
[19-05-20 14:03:25] Admin access list successfully updated 
[19-05-20 14:03:25] INFO: Admin added 499 missing rights
[19-05-20 14:03:25] Server minclientversion is now 1.3.0-9.04311
[19-05-20 14:03:25] INFO: MAPMANAGER: Some important ACL permissions are missing. To ensure the correct functioning of Mapmanager, please write: aclrequest allow mapmanager all
[19-05-20 14:03:25] Gamemode 'play' started.
[19-05-20 14:03:25] Authorized serial account protection is enabled for the ACL group(s): `Admin`  See http://mtasa.com/authserial
[19-05-20 14:03:25] WARNING: <owner_email_address> not set
[19-05-20 14:03:25] Server started and is ready to accept connections!
[19-05-20 14:03:25] To stop the server, type 'shutdown' or press Ctrl-C
[19-05-20 14:03:25] Type 'help' for a list of commands.
[19-05-20 14:03:25] Querying MTA master server... success! (Auto detected IP:185.103.17.250)
[19-05-20 14:03:29] Server stopped!
[19-05-20 14:03:29] Stopping resources......................
[19-05-20 14:03:29] Closing SQLite3 database
